<?xml version="1.0" encoding="UTF-8"?>
<!-- Generated by org.testng.reporters.JUnitReportReporter -->
<testsuite hostname="IT-PC" name="TestCases.Login" tests="4" failures="0" timestamp="10 May 2018 08:16:19 GMT" time="4.943" errors="0">
  <testcase name="user_login" time="2.320" classname="TestCases.Login"/>
  <testcase name="user_login" time="0.467" classname="TestCases.Login"/>
  <testcase name="user_login" time="1.265" classname="TestCases.Login"/>
  <testcase name="user_login" time="0.891" classname="TestCases.Login"/>
</testsuite> <!-- TestCases.Login -->
