<?xml version="1.0" encoding="UTF-8"?>
<!-- Generated by org.testng.reporters.JUnitReportReporter -->
<testsuite hostname="IT-PC" name="TestCases.ReceptionHome" tests="1" failures="0" timestamp="16 Apr 2018 08:20:45 GMT" time="5.698" errors="0">
  <testcase name="homepage" time="5.698" classname="TestCases.ReceptionHome"/>
</testsuite> <!-- TestCases.ReceptionHome -->
